[2024-01-29 18-22-43-18] - INFO - TruckersHub Tracker Starting...
[2024-01-29 18-22-43-25] - INFO - TruckersHub Tracker Starting...
[2024-01-29 18-22-43-25] - INFO - Platform: win32
[2024-01-29 18-22-43-25] - INFO - Version: 0.13.2
[2024-01-29 18-22-43-25] - INFO - Title: TruckersHub Tracker
[2024-01-29 18-22-43-26] - INFO - Checking for Updates...
[2024-01-29 18-22-43-26] - INFO - Checking Game Path...
[2024-01-29 18-22-43-61] - INFO - No Update Available
[2024-01-29 18-22-43-61] - INFO - Auto Update Closed Down
[2024-01-29 18-22-43-61] - INFO - The app is ready to function
[2024-01-29 18-22-44-14] - INFO - Setting Path is finished
[2024-01-29 18-22-44-18] - INFO - Data Caching Started
[2024-01-29 18-22-44-61] - INFO - TruckersHub Client Connected to Game
[2024-01-29 18-22-44-61] - INFO - Game detected: ETS2
[2024-01-29 18-22-44-61] - INFO - Using Discord Application ID 1057933952410714152
[2024-01-29 18-22-44-61] - INFO - Tracker Made by InsanoDeath
[2024-01-29 18-22-44-99] - INFO - Discord RPC ready
[2024-01-29 18-22-45-28] - INFO - socket.open
[2024-01-29 18-22-45-62] - INFO - Multiplayer detected
[2024-01-29 18-22-45-62] - INFO - Starting MP Checker interval
[2024-01-29 18-22-46-64] - INFO - Multiplayer detected
[2024-01-29 18-22-46-64] - INFO - Checking online status
[2024-01-29 18-22-47-64] - INFO - Multiplayer detected
[2024-01-29 18-22-47-64] - INFO - Checking online status
[2024-01-29 18-22-48-65] - INFO - Checking online status
[2024-01-29 18-22-48-65] - INFO - Multiplayer detected
[2024-01-29 18-22-49-31] - INFO - Listening at http://192.168.0.105:34970
[2024-01-29 18-36-34-25] - INFO - TruckersHub Tracker Starting...
[2024-01-29 18-36-34-33] - INFO - TruckersHub Tracker Starting...
[2024-01-29 18-36-34-33] - INFO - Platform: win32
[2024-01-29 18-36-34-33] - INFO - Version: 0.13.2
[2024-01-29 18-36-34-33] - INFO - Title: TruckersHub Tracker
[2024-01-29 18-36-34-33] - INFO - Checking for Updates...
[2024-01-29 18-36-34-33] - INFO - Checking Game Path...
[2024-01-29 18-36-34-69] - INFO - Auto Update Closed Down
[2024-01-29 18-36-34-69] - INFO - The app is ready to function
[2024-01-29 18-36-34-69] - INFO - No Update Available
[2024-01-29 18-36-35-08] - INFO - Setting Path is finished
[2024-01-29 18-36-35-12] - INFO - Data Caching Started
[2024-01-29 18-36-36-27] - INFO - socket.open
[2024-01-29 18-36-40-26] - INFO - Listening at http://192.168.0.105:34970
